<?xml version="1.0" encoding="UTF-8"?>
<!-- Generated by org.testng.reporters.JUnitReportReporter -->
<testsuite skipped="0" hostname="LAPTOP-PrabMish" name="qaclickacedemy.mavenJava.SeleniumTest" tests="2" failures="0" timestamp="2020-11-13T22:56:18 IST" time="0.008" errors="0">
  <testcase name="browserAuto" time="0.001" classname="qaclickacedemy.mavenJava.SeleniumTest"/>
  <system-out/>
  <testcase name="ElementsUI" time="0.007" classname="qaclickacedemy.mavenJava.SeleniumTest"/>
  <system-out/>
</testsuite> <!-- qaclickacedemy.mavenJava.SeleniumTest -->
