<?xml version="1.0" encoding="UTF-8"?>
<!-- Generated by org.testng.reporters.JUnitReportReporter -->
<testsuite skipped="0" hostname="LAPTOP-PrabMish" name="qaclickacedemy.mavenJava.AppTest" tests="1" failures="0" timestamp="2020-11-13T22:56:18 IST" time="0.001" errors="0">
  <testcase name="shouldAnswerWithTrue" time="0.001" classname="qaclickacedemy.mavenJava.AppTest"/>
  <system-out/>
</testsuite> <!-- qaclickacedemy.mavenJava.AppTest -->
