<?xml version="1.0" encoding="UTF-8"?>
<!-- Generated by org.testng.reporters.JUnitReportReporter -->
<testsuite skipped="0" hostname="LAPTOP-PrabMish" name="qaclickacedemy.mavenJava.SeleniumTest" tests="2" failures="0" timestamp="2020-11-13T23:30:21 IST" time="0.000" errors="0">
  <testcase name="browserAuto" time="0.000" classname="qaclickacedemy.mavenJava.SeleniumTest"/>
  <system-out/>
  <testcase name="ElementsUI" time="0.000" classname="qaclickacedemy.mavenJava.SeleniumTest"/>
  <system-out/>
</testsuite> <!-- qaclickacedemy.mavenJava.SeleniumTest -->
