<?xml version="1.0" encoding="UTF-8"?>
<!-- Generated by org.testng.reporters.JUnitReportReporter -->
<testsuite skipped="0" hostname="LAPTOP-PrabMish" name="qaclickacedemy.mavenJava.AppTest" tests="1" failures="0" timestamp="2020-11-13T23:30:21 IST" time="0.014" errors="0">
  <testcase name="shouldAnswerWithTrue" time="0.014" classname="qaclickacedemy.mavenJava.AppTest"/>
  <system-out/>
</testsuite> <!-- qaclickacedemy.mavenJava.AppTest -->
