<?xml version="1.0" encoding="UTF-8"?>
<!-- Generated by org.testng.reporters.JUnitReportReporter -->
<testsuite skipped="0" hostname="LAPTOP-PrabMish" name="qaclickacedemy.mavenJava.APITest" tests="2" failures="0" timestamp="2020-11-13T23:10:15 IST" time="0.010" errors="0">
  <testcase name="postJira" time="0.001" classname="qaclickacedemy.mavenJava.APITest"/>
  <system-out/>
  <testcase name="deleteTwitter" time="0.009" classname="qaclickacedemy.mavenJava.APITest"/>
  <system-out/>
</testsuite> <!-- qaclickacedemy.mavenJava.APITest -->
