<?xml version="1.0" encoding="UTF-8"?>
<!-- Generated by org.testng.reporters.JUnitReportReporter -->
<testsuite skipped="0" hostname="LAPTOP-PrabMish" name="qaclickacedemy.mavenJava.AppiumTest" tests="2" failures="0" timestamp="2020-11-13T23:30:21 IST" time="0.027" errors="0">
  <testcase name="iosApp" time="0.025" classname="qaclickacedemy.mavenJava.AppiumTest"/>
  <system-out/>
  <testcase name="nativeApp" time="0.002" classname="qaclickacedemy.mavenJava.AppiumTest"/>
  <system-out/>
</testsuite> <!-- qaclickacedemy.mavenJava.AppiumTest -->
